{"timestamp": "2025-10-19T01:51:33.944693", "trade": {"order_id": "7c5a5e07-5a1b-40c7-922d-9590fbf6699f", "symbol": "UNG", "qty": "84", "side": "buy", "status": "accepted", "filled_qty": "0", "filled_avg_price": null, "submitted_at": "2025-10-18 22:51:30.396071245+00:00"}}
{"timestamp": "2025-10-19T01:53:50.384711", "trade": {"order_id": "6ad2fbfb-1e21-4281-8d92-be8435348255", "symbol": "UNG", "qty": "84", "side": "buy", "status": "accepted", "filled_qty": "0", "filled_avg_price": null, "submitted_at": "2025-10-18 22:53:46.804820747+00:00"}}
{"timestamp": "2025-10-19T01:54:39.469061", "trade": {"order_id": "4ec82c35-5d27-4a78-88da-a5796478d384", "symbol": "UNG", "qty": "84", "side": "buy", "status": "accepted", "filled_qty": "0", "filled_avg_price": null, "submitted_at": "2025-10-18 22:54:35.918434604+00:00"}}
{"timestamp": "2025-10-19T01:55:21.093092", "trade": {"order_id": "32bcb8d2-2f66-4382-b217-39172461a46b", "symbol": "UNG", "qty": "84", "side": "buy", "status": "accepted", "filled_qty": "0", "filled_avg_price": null, "submitted_at": "2025-10-18 22:55:17.484043914+00:00"}}
{"timestamp": "2025-10-19T01:55:53.482786", "trade": {"order_id": "1ead9a88-90b4-42cc-b784-b1e280d354c4", "symbol": "UNG", "qty": "84", "side": "buy", "status": "accepted", "filled_qty": "0", "filled_avg_price": null, "submitted_at": "2025-10-18 22:55:49.918004385+00:00"}}
{"timestamp": "2025-10-19T01:56:27.426577", "trade": {"order_id": "f6c3d04c-aa81-407b-ba3d-3675fac055ea", "symbol": "UNG", "qty": "84", "side": "buy", "status": "accepted", "filled_qty": "0", "filled_avg_price": null, "submitted_at": "2025-10-18 22:56:23.813534629+00:00"}}
{"timestamp": "2025-10-19T01:56:43.027225", "trade": {"order_id": "f0ca797e-0692-4eb0-bc24-4f25b185c070", "symbol": "UNG", "qty": "84", "side": "buy", "status": "accepted", "filled_qty": "0", "filled_avg_price": null, "submitted_at": "2025-10-18 22:56:39.439227268+00:00"}}
{"timestamp": "2025-10-19T02:00:36.718417", "trade": {"order_id": "48b0c0ac-7e61-476d-84e9-162fd8a95c34", "symbol": "UNG", "qty": "84", "side": "buy", "status": "accepted", "filled_qty": "0", "filled_avg_price": null, "submitted_at": "2025-10-18 23:00:33.152579901+00:00"}}
{"timestamp": "2025-10-19T02:01:05.816606", "trade": {"order_id": "9cf6de90-34dd-46c7-b3d5-1d5aa9b59907", "symbol": "UNG", "qty": "84", "side": "buy", "status": "accepted", "filled_qty": "0", "filled_avg_price": null, "submitted_at": "2025-10-18 23:01:02.220624800+00:00"}}
{"timestamp": "2025-10-19T02:03:47.626317", "trade": {"order_id": "fcd9c6c9-e684-490f-85c4-09635c2ba2d7", "symbol": "UNG", "qty": "84", "side": "buy", "status": "accepted", "filled_qty": "0", "filled_avg_price": null, "submitted_at": "2025-10-18 23:03:44.027956330+00:00"}}
{"timestamp": "2025-10-19T02:11:12.011922", "trade": {"order_id": "c1a65065-337d-4930-aef6-b3aa78063d74", "symbol": "UNG", "qty": "84", "side": "buy", "status": "accepted", "filled_qty": "0", "filled_avg_price": null, "submitted_at": "2025-10-18 23:11:08.424883088+00:00"}}
{"timestamp": "2025-10-19T02:15:14.323635", "trade": {"order_id": "ad6ece39-d093-4aa3-aace-393312cac443", "symbol": "BOIL", "qty": "38", "side": "buy", "status": "accepted", "filled_qty": "0", "filled_avg_price": null, "submitted_at": "2025-10-18 23:15:10.730710834+00:00"}}
{"timestamp": "2025-10-19T08:01:23.670588", "trade": {"order_id": "37d6ecf5-3d2a-4055-8fc5-50f5af9f72af", "symbol": "UNG", "qty": "84", "side": "buy", "status": "accepted", "filled_qty": "0", "filled_avg_price": null, "submitted_at": "2025-10-19 05:01:19.469042705+00:00"}}
{"timestamp": "2025-10-19T14:01:51.375635", "trade": {"order_id": "aa4be584-c0d9-4bbc-a9d2-d4d7de5d51aa", "symbol": "UNG", "qty": "84", "side": "buy", "status": "accepted", "filled_qty": "0", "filled_avg_price": null, "submitted_at": "2025-10-19 11:01:46.544264320+00:00"}}
{"timestamp": "2025-10-19T15:01:05.082801", "trade": {"order_id": "60fabd71-3691-4799-a5d6-0fb21562733f", "symbol": "BOIL", "qty": "38", "side": "buy", "status": "accepted", "filled_qty": "0", "filled_avg_price": null, "submitted_at": "2025-10-19 12:01:02.828307265+00:00"}}
{"timestamp": "2025-10-19T15:03:49.576944", "trade": {"order_id": "4af5d7ae-1c96-4533-ac42-089fe3add0d9", "symbol": "BOIL", "qty": "38", "side": "buy", "status": "accepted", "filled_qty": "0", "filled_avg_price": null, "submitted_at": "2025-10-19 12:03:47.317432745+00:00"}}
{"timestamp": "2025-10-19T15:07:32.913267", "trade": {"order_id": "ade5b30e-2067-4e44-b37e-da952d392cb9", "symbol": "BOIL", "qty": "38", "side": "buy", "status": "accepted", "filled_qty": "0", "filled_avg_price": null, "submitted_at": "2025-10-19 12:07:30.612479348+00:00"}}
{"timestamp": "2025-10-19T15:14:44.639088", "trade": {"order_id": "c35d7dc4-53ae-4476-b330-655402c3b35e", "symbol": "BOIL", "qty": "38", "side": "buy", "status": "accepted", "filled_qty": "0", "filled_avg_price": null, "submitted_at": "2025-10-19 12:14:42.344764600+00:00"}}
{"timestamp": "2025-10-19T15:16:56.456607", "trade": {"order_id": "6874c15c-d1bc-4af3-ae1a-165e387f80dd", "symbol": "BOIL", "qty": "38", "side": "buy", "status": "accepted", "filled_qty": "0", "filled_avg_price": null, "submitted_at": "2025-10-19 12:16:54.168593725+00:00"}}
{"timestamp": "2025-10-19T15:19:07.074742", "trade": {"order_id": "c71e4b36-c147-4ad8-98e7-4b6db8d35a56", "symbol": "BOIL", "qty": "38", "side": "buy", "status": "accepted", "filled_qty": "0", "filled_avg_price": null, "submitted_at": "2025-10-19 12:19:04.723413850+00:00"}}
{"timestamp": "2025-10-19T15:19:33.241379", "trade": {"order_id": "e80c78e7-be95-4a5f-989a-98c983aa91b0", "symbol": "BOIL", "qty": "38", "side": "buy", "status": "accepted", "filled_qty": "0", "filled_avg_price": null, "submitted_at": "2025-10-19 12:19:30.951962987+00:00"}}
{"timestamp": "2025-10-19T15:23:21.877580", "trade": {"order_id": "9bde5d54-36ca-47d0-ad71-1fdfe490aaff", "symbol": "BOIL", "qty": "38", "side": "buy", "status": "accepted", "filled_qty": "0", "filled_avg_price": null, "submitted_at": "2025-10-19 12:23:19.581070266+00:00"}}
{"timestamp": "2025-10-19T15:30:56.390513", "trade": {"order_id": "b0f5e565-79ef-456d-9d72-8c490ee4bc3a", "symbol": "BOIL", "qty": "38", "side": "buy", "status": "accepted", "filled_qty": "0", "filled_avg_price": null, "submitted_at": "2025-10-19 12:30:54.074092444+00:00"}}
{"timestamp": "2025-10-19T15:39:04.998042", "trade": {"order_id": "482905b4-5bdc-477c-9c34-c082698e865e", "symbol": "BOIL", "qty": "38", "side": "buy", "status": "accepted", "filled_qty": "0", "filled_avg_price": null, "submitted_at": "2025-10-19 12:39:02.626957186+00:00"}}
{"timestamp": "2025-10-19T15:45:48.473616", "trade": {"order_id": "b3b9bbba-eb18-4ed5-89a9-d3a55d9464fb", "symbol": "BOIL", "qty": "38", "side": "buy", "status": "accepted", "filled_qty": "0", "filled_avg_price": null, "submitted_at": "2025-10-19 12:45:46.137327203+00:00"}}
{"timestamp": "2025-10-19T15:47:22.438493", "trade": {"order_id": "cd7388a3-6941-437c-b279-cafd55cc53c9", "symbol": "BOIL", "qty": "38", "side": "buy", "status": "accepted", "filled_qty": "0", "filled_avg_price": null, "submitted_at": "2025-10-19 12:47:20.089488118+00:00"}}
{"timestamp": "2025-10-19T15:47:40.756720", "trade": {"order_id": "244f9bc7-2d34-4f7d-80e9-39d0470b1b9e", "symbol": "BOIL", "qty": "38", "side": "buy", "status": "accepted", "filled_qty": "0", "filled_avg_price": null, "submitted_at": "2025-10-19 12:47:38.416494434+00:00"}}
{"timestamp": "2025-10-19T15:48:57.541993", "trade": {"order_id": "c156321a-12da-445a-83dd-2c17b9ea50c1", "symbol": "BOIL", "qty": "38", "side": "buy", "status": "accepted", "filled_qty": "0", "filled_avg_price": null, "submitted_at": "2025-10-19 12:48:55.187328193+00:00"}}
{"timestamp": "2025-10-19T15:54:31.842564", "trade": {"order_id": "bd3a3d88-7ac2-40d6-b2ca-b3ff9d0698c7", "symbol": "BOIL", "qty": "38", "side": "buy", "status": "accepted", "filled_qty": "0", "filled_avg_price": null, "submitted_at": "2025-10-19 12:54:29.486039824+00:00"}}
{"timestamp": "2025-10-19T15:56:44.787172", "trade": {"order_id": "639a0cc7-07ac-4e9a-bfcc-7f568249fdd4", "symbol": "BOIL", "qty": "38", "side": "buy", "status": "accepted", "filled_qty": "0", "filled_avg_price": null, "submitted_at": "2025-10-19 12:56:42.433509551+00:00"}}
{"timestamp": "2025-10-19T18:10:10.434122", "trade": {"order_id": "bab3d507-a1bf-42d8-9b7e-a736f8b6fdc3", "symbol": "BOIL", "qty": "38", "side": "buy", "status": "accepted", "filled_qty": "0", "filled_avg_price": null, "submitted_at": "2025-10-19 15:10:07.805959393+00:00"}}
{"timestamp": "2025-10-19T18:11:57.083107", "trade": {"order_id": "a816511f-ec92-4454-82eb-ad99b1153f1e", "symbol": "BOIL", "qty": "38", "side": "buy", "status": "accepted", "filled_qty": "0", "filled_avg_price": null, "submitted_at": "2025-10-19 15:11:54.453038429+00:00"}}
{"timestamp": "2025-10-19T18:12:40.189087", "trade": {"order_id": "7188a4c3-1f00-4fcc-a6a4-3a15401f6b7d", "symbol": "BOIL", "qty": "38", "side": "buy", "status": "accepted", "filled_qty": "0", "filled_avg_price": null, "submitted_at": "2025-10-19 15:12:37.587055951+00:00"}}
{"timestamp": "2025-10-19T18:17:24.722637", "trade": {"order_id": "a60a0be7-b833-4de6-bd81-217cd8c7a883", "symbol": "BOIL", "qty": "38", "side": "buy", "status": "accepted", "filled_qty": "0", "filled_avg_price": null, "submitted_at": "2025-10-19 15:17:22.145882483+00:00"}}
{"timestamp": "2025-10-19T18:20:54.001041", "trade": {"order_id": "57c401d5-f61e-417b-ba59-a9b74ad9da5a", "symbol": "BOIL", "qty": "38", "side": "buy", "status": "accepted", "filled_qty": "0", "filled_avg_price": null, "submitted_at": "2025-10-19 15:20:51.383094582+00:00"}}
{"timestamp": "2025-10-19T18:23:53.059277", "trade": {"order_id": "b7a6f79d-9d09-4fe3-9ab9-71a35b751471", "symbol": "BOIL", "qty": "38", "side": "buy", "status": "accepted", "filled_qty": "0", "filled_avg_price": null, "submitted_at": "2025-10-19 15:23:50.475857687+00:00"}}
{"timestamp": "2025-10-19T18:28:35.678593", "trade": {"order_id": "f3738830-ebfa-499f-9edb-5583b99e5606", "symbol": "BOIL", "qty": "38", "side": "buy", "status": "accepted", "filled_qty": "0", "filled_avg_price": null, "submitted_at": "2025-10-19 15:28:32.999826551+00:00"}}
{"timestamp": "2025-10-19T18:34:08.100708", "trade": {"order_id": "96c43896-9a91-4606-af1f-858b0a9570f8", "symbol": "BOIL", "qty": "38", "side": "buy", "status": "accepted", "filled_qty": "0", "filled_avg_price": null, "submitted_at": "2025-10-19 15:34:05.461130029+00:00"}}
{"timestamp": "2025-10-19T18:40:09.090957", "trade": {"order_id": "6e92adc6-d7c3-4a0b-bb40-f998d6088f8b", "symbol": "BOIL", "qty": "38", "side": "buy", "status": "accepted", "filled_qty": "0", "filled_avg_price": null, "submitted_at": "2025-10-19 15:40:06.453821780+00:00"}}
{"timestamp": "2025-10-19T18:45:07.413673", "trade": {"order_id": "e6b555a8-053b-427e-8dda-9d11bda648a2", "symbol": "BOIL", "qty": "38", "side": "buy", "status": "accepted", "filled_qty": "0", "filled_avg_price": null, "submitted_at": "2025-10-19 15:45:04.783794041+00:00"}}
{"timestamp": "2025-10-19T18:48:04.159196", "trade": {"order_id": "aa78977c-73e1-4727-be3c-fa15022c8ae7", "symbol": "BOIL", "qty": "38", "side": "buy", "status": "accepted", "filled_qty": "0", "filled_avg_price": null, "submitted_at": "2025-10-19 15:48:01.462465994+00:00"}}
{"timestamp": "2025-10-19T18:49:21.613920", "trade": {"order_id": "a6ffa6e8-cc6d-4bd7-847a-14d93e4ac17d", "symbol": "BOIL", "qty": "38", "side": "buy", "status": "accepted", "filled_qty": "0", "filled_avg_price": null, "submitted_at": "2025-10-19 15:49:18.982821433+00:00"}}
{"timestamp": "2025-10-19T18:52:52.736157", "trade": {"order_id": "4ec43cdd-f96e-4783-8461-25f52147d23d", "symbol": "BOIL", "qty": "38", "side": "buy", "status": "accepted", "filled_qty": "0", "filled_avg_price": null, "submitted_at": "2025-10-19 15:52:50.056798400+00:00"}}
{"timestamp": "2025-10-19T18:55:09.032187", "trade": {"order_id": "7bedf9b4-352a-4881-8029-243f0b517261", "symbol": "BOIL", "qty": "38", "side": "buy", "status": "accepted", "filled_qty": "0", "filled_avg_price": null, "submitted_at": "2025-10-19 15:55:06.392407710+00:00"}}
{"timestamp": "2025-10-19T18:57:17.215907", "trade": {"order_id": "251a11e8-b2cb-44e9-bc2f-90509a5fadf1", "symbol": "BOIL", "qty": "38", "side": "buy", "status": "accepted", "filled_qty": "0", "filled_avg_price": null, "submitted_at": "2025-10-19 15:57:14.533059696+00:00"}}
{"timestamp": "2025-10-19T18:58:39.168819", "trade": {"order_id": "64577d1e-2ea0-437b-8e30-32aac2f58632", "symbol": "BOIL", "qty": "38", "side": "buy", "status": "accepted", "filled_qty": "0", "filled_avg_price": null, "submitted_at": "2025-10-19 15:58:36.517821242+00:00"}}
{"timestamp": "2025-10-19T18:59:11.423279", "trade": {"order_id": "51aaed56-fedb-4744-914f-7bd92d3f35cc", "symbol": "BOIL", "qty": "38", "side": "buy", "status": "accepted", "filled_qty": "0", "filled_avg_price": null, "submitted_at": "2025-10-19 15:59:08.693293418+00:00"}}
{"timestamp": "2025-10-19T18:59:48.543700", "trade": {"order_id": "b3668adb-06b9-454f-8e70-b26e04e9a803", "symbol": "BOIL", "qty": "38", "side": "buy", "status": "accepted", "filled_qty": "0", "filled_avg_price": null, "submitted_at": "2025-10-19 15:59:45.823748707+00:00"}}
{"timestamp": "2025-10-19T19:03:43.113713", "trade": {"order_id": "efea0529-66bd-4cf1-929f-080f0d1230a0", "symbol": "BOIL", "qty": "38", "side": "buy", "status": "accepted", "filled_qty": "0", "filled_avg_price": null, "submitted_at": "2025-10-19 16:03:40.457123318+00:00"}}
{"timestamp": "2025-10-19T19:05:53.432573", "trade": {"order_id": "655035d3-1adb-46e0-bc5f-226b418089b5", "symbol": "BOIL", "qty": "38", "side": "buy", "status": "accepted", "filled_qty": "0", "filled_avg_price": null, "submitted_at": "2025-10-19 16:05:50.666963720+00:00"}}
{"timestamp": "2025-10-19T19:07:29.757362", "trade": {"order_id": "7160fb40-4713-404f-9b22-12ccd09461a9", "symbol": "BOIL", "qty": "38", "side": "buy", "status": "accepted", "filled_qty": "0", "filled_avg_price": null, "submitted_at": "2025-10-19 16:07:26.992859747+00:00"}}
{"timestamp": "2025-10-19T19:08:19.931215", "trade": {"order_id": "e9065379-bf30-43b2-94f4-d897f1c70cbf", "symbol": "BOIL", "qty": "38", "side": "buy", "status": "accepted", "filled_qty": "0", "filled_avg_price": null, "submitted_at": "2025-10-19 16:08:17.245384653+00:00"}}
{"timestamp": "2025-10-19T19:09:18.385999", "trade": {"order_id": "ae86f8fe-14ee-4eb2-9f50-f88ab4e7a98e", "symbol": "BOIL", "qty": "38", "side": "buy", "status": "accepted", "filled_qty": "0", "filled_avg_price": null, "submitted_at": "2025-10-19 16:09:15.664224524+00:00"}}
{"timestamp": "2025-10-19T19:09:55.595128", "trade": {"order_id": "f61046fa-be71-476c-beca-6bed04226892", "symbol": "BOIL", "qty": "38", "side": "buy", "status": "accepted", "filled_qty": "0", "filled_avg_price": null, "submitted_at": "2025-10-19 16:09:52.925176509+00:00"}}
{"timestamp": "2025-10-19T19:12:44.968295", "trade": {"order_id": "35365101-8a35-44fc-89e4-cec9c246a283", "symbol": "BOIL", "qty": "38", "side": "buy", "status": "accepted", "filled_qty": "0", "filled_avg_price": null, "submitted_at": "2025-10-19 16:12:42.206994638+00:00"}}
{"timestamp": "2025-10-19T19:17:00.518528", "trade": {"order_id": "3fd12bbc-969b-4eae-877a-66488b609ed8", "symbol": "BOIL", "qty": "38", "side": "buy", "status": "accepted", "filled_qty": "0", "filled_avg_price": null, "submitted_at": "2025-10-19 16:16:57.791067668+00:00"}}
{"timestamp": "2025-10-19T19:18:21.087423", "trade": {"order_id": "d1c4611e-61cf-4af3-8cd6-9ce4e104cc29", "symbol": "BOIL", "qty": "38", "side": "buy", "status": "accepted", "filled_qty": "0", "filled_avg_price": null, "submitted_at": "2025-10-19 16:18:18.383100188+00:00"}}
{"timestamp": "2025-10-19T19:19:49.119041", "trade": {"order_id": "5c7e19f1-2677-432c-a172-df877a0a320c", "symbol": "BOIL", "qty": "38", "side": "buy", "status": "accepted", "filled_qty": "0", "filled_avg_price": null, "submitted_at": "2025-10-19 16:19:46.341211936+00:00"}}
{"timestamp": "2025-10-19T19:26:10.590513", "trade": {"order_id": "e2571ced-49e3-4099-97ce-de8fc5e482ee", "symbol": "BOIL", "qty": "38", "side": "buy", "status": "accepted", "filled_qty": "0", "filled_avg_price": null, "submitted_at": "2025-10-19 16:26:07.815363672+00:00"}}
{"timestamp": "2025-10-19T19:26:42.161830", "trade": {"order_id": "2500ae9f-d1a6-4571-9fc8-8b80f3cb93f8", "symbol": "BOIL", "qty": "38", "side": "buy", "status": "accepted", "filled_qty": "0", "filled_avg_price": null, "submitted_at": "2025-10-19 16:26:39.416113681+00:00"}}
{"timestamp": "2025-10-19T19:27:27.695912", "trade": {"order_id": "17fc11d6-8483-4309-95ad-ba04d5dae083", "symbol": "BOIL", "qty": "38", "side": "buy", "status": "accepted", "filled_qty": "0", "filled_avg_price": null, "submitted_at": "2025-10-19 16:27:24.918980720+00:00"}}
{"timestamp": "2025-10-19T19:34:37.632542", "trade": {"order_id": "f7db2790-460f-4a0d-95f7-5be1407fd591", "symbol": "BOIL", "qty": "38", "side": "buy", "status": "accepted", "filled_qty": "0", "filled_avg_price": null, "submitted_at": "2025-10-19 16:34:34.705875603+00:00"}}
{"timestamp": "2025-10-19T19:35:38.945683", "trade": {"order_id": "619fd965-ff82-4293-b08b-cd3c25640e65", "symbol": "BOIL", "qty": "38", "side": "buy", "status": "accepted", "filled_qty": "0", "filled_avg_price": null, "submitted_at": "2025-10-19 16:35:36.201334957+00:00"}}
{"timestamp": "2025-10-19T19:38:39.031976", "trade": {"order_id": "625cd198-c32b-4e0d-9878-ab628cc0e43a", "symbol": "BOIL", "qty": "38", "side": "buy", "status": "accepted", "filled_qty": "0", "filled_avg_price": null, "submitted_at": "2025-10-19 16:38:36.274171048+00:00"}}
{"timestamp": "2025-10-19T19:40:54.120201", "trade": {"order_id": "239038f3-9ba9-454b-9253-011ae1b78560", "symbol": "BOIL", "qty": "38", "side": "buy", "status": "accepted", "filled_qty": "0", "filled_avg_price": null, "submitted_at": "2025-10-19 16:40:51.329407772+00:00"}}
{"timestamp": "2025-10-19T19:41:28.818997", "trade": {"order_id": "10ef6734-f484-4c49-b5af-2f44cce19012", "symbol": "BOIL", "qty": "38", "side": "buy", "status": "accepted", "filled_qty": "0", "filled_avg_price": null, "submitted_at": "2025-10-19 16:41:26.007484024+00:00"}}
{"timestamp": "2025-10-19T19:44:27.902706", "trade": {"order_id": "d8727aab-4ec0-4114-a764-b83fd333dd03", "symbol": "BOIL", "qty": "38", "side": "buy", "status": "accepted", "filled_qty": "0", "filled_avg_price": null, "submitted_at": "2025-10-19 16:44:25.091485695+00:00"}}
{"timestamp": "2025-10-19T19:44:57.840848", "trade": {"order_id": "dea75a0d-d883-4f05-8b35-3968ce28868c", "symbol": "BOIL", "qty": "38", "side": "buy", "status": "accepted", "filled_qty": "0", "filled_avg_price": null, "submitted_at": "2025-10-19 16:44:55.003490593+00:00"}}
{"timestamp": "2025-10-19T19:47:10.803046", "trade": {"order_id": "24634510-9c1f-47c8-ab88-743e79b8e11c", "symbol": "BOIL", "qty": "38", "side": "buy", "status": "accepted", "filled_qty": "0", "filled_avg_price": null, "submitted_at": "2025-10-19 16:47:08.021487069+00:00"}}
{"timestamp": "2025-10-19T19:49:09.794584", "trade": {"order_id": "15aac840-9356-40e8-b017-d9030e29b179", "symbol": "BOIL", "qty": "38", "side": "buy", "status": "accepted", "filled_qty": "0", "filled_avg_price": null, "submitted_at": "2025-10-19 16:49:07.004806151+00:00"}}
{"timestamp": "2025-10-19T19:49:36.138128", "trade": {"order_id": "39c3cc40-139b-4df8-93e0-f824a10f7f3e", "symbol": "BOIL", "qty": "38", "side": "buy", "status": "accepted", "filled_qty": "0", "filled_avg_price": null, "submitted_at": "2025-10-19 16:49:33.358548943+00:00"}}
{"timestamp": "2025-10-19T19:50:57.251648", "trade": {"order_id": "a8b026dc-cd58-49a4-b755-e6ac1e363f75", "symbol": "BOIL", "qty": "38", "side": "buy", "status": "accepted", "filled_qty": "0", "filled_avg_price": null, "submitted_at": "2025-10-19 16:50:54.451738330+00:00"}}
{"timestamp": "2025-10-19T19:56:32.160497", "trade": {"order_id": "ed8b9ccb-25aa-485c-9c81-df844137370b", "symbol": "BOIL", "qty": "38", "side": "buy", "status": "accepted", "filled_qty": "0", "filled_avg_price": null, "submitted_at": "2025-10-19 16:56:29.344299251+00:00"}}
